<?xml version="1.0" encoding="UTF-8"?>
<!-- Generated by org.testng.reporters.JUnitXMLReporter -->
<testsuite hostname="DESKTOP-R3OMO24" ignored="0" name="Test" tests="4" failures="1" timestamp="2021-03-21T13:24:49 IST" time="32.607" errors="0">
  <testcase name="go_to_registration" time="0.72" classname="tests.Sanity"/>
  <testcase name="selectedFromFild" time="3.113" classname="tests.Sanity"/>
  <testcase name="registerSecundPage" time="0.177" classname="tests.Sanity"/>
  <testcase name="verifyText" time="7.178" classname="tests.Sanity">
    <failure type="java.lang.AssertionError" message="expected [true] but found [false]">
      <![CDATA[java.lang.AssertionError: expected [true] but found [false]
at tests.Sanity.verifyText(Sanity.java:83)
at java.util.ArrayList.forEach(ArrayList.java:1257)
... Removed 35 stack frames]]>
    </failure>
  </testcase> <!-- verifyText -->
</testsuite> <!-- Test -->
